<?xml version="1.0" encoding="UTF-8"?>
<!-- Generated by org.testng.reporters.JUnitReportReporter -->
<testsuite hostname="WINDOWS-GFC608F" failures="0" tests="1" name="org.testing.testScripts.TC2_GetAllRequest" time="0.137" errors="0" timestamp="2024-06-21T17:18:20 IST" skipped="0">
  <testcase classname="org.testing.testScripts.TC2_GetAllRequest" name="testcase2" time="0.137"/>
</testsuite> <!-- org.testing.testScripts.TC2_GetAllRequest -->
