<?xml version="1.0" encoding="UTF-8"?>
<!-- Generated by org.testng.reporters.JUnitReportReporter -->
<testsuite hostname="WINDOWS-GFC608F" failures="0" tests="1" name="org.testing.testScripts.TC8_RealAPIGetParticularRequest" time="1.991" errors="0" timestamp="2024-06-21T17:18:20 IST" skipped="0">
  <testcase classname="org.testing.testScripts.TC8_RealAPIGetParticularRequest" name="testcase8" time="1.991"/>
</testsuite> <!-- org.testing.testScripts.TC8_RealAPIGetParticularRequest -->
