<?xml version="1.0" encoding="UTF-8"?>
<!-- Generated by org.testng.reporters.JUnitReportReporter -->
<testsuite hostname="WINDOWS-GFC608F" failures="0" tests="1" name="org.testing.testScripts.TC7_RealAPIGetAllRequest" time="0.710" errors="0" timestamp="2024-05-25T10:58:22 IST" skipped="0">
  <testcase classname="org.testing.testScripts.TC7_RealAPIGetAllRequest" name="testcase7" time="0.710"/>
</testsuite> <!-- org.testing.testScripts.TC7_RealAPIGetAllRequest -->
