<?xml version="1.0" encoding="UTF-8"?>
<!-- Generated by org.testng.reporters.JUnitReportReporter -->
<testsuite hostname="WINDOWS-GFC608F" failures="0" tests="1" name="org.testing.testScripts.TC3_GetParticularoRequest" time="0.049" errors="0" timestamp="2024-05-25T10:58:22 IST" skipped="0">
  <testcase classname="org.testing.testScripts.TC3_GetParticularoRequest" name="testcase3" time="0.049"/>
</testsuite> <!-- org.testing.testScripts.TC3_GetParticularoRequest -->
