<?xml version="1.0" encoding="UTF-8"?>
<!-- Generated by org.testng.reporters.JUnitReportReporter -->
<testsuite hostname="WINDOWS-GFC608F" failures="0" tests="1" name="org.testing.testScripts.TC5_DeleteParticulorRecord" time="0.047" errors="0" timestamp="2024-04-26T13:07:16 IST" skipped="0">
  <testcase classname="org.testing.testScripts.TC5_DeleteParticulorRecord" name="testcase5" time="0.047"/>
</testsuite> <!-- org.testing.testScripts.TC5_DeleteParticulorRecord -->
